<?xml version="1.0" encoding="UTF-8"?>
<!-- Generated by org.testng.reporters.JUnitXMLReporter -->
<testsuite ignored="0" hostname="murari" failures="0" tests="3" name="Default test" time="2.822" errors="0" timestamp="2024-06-07T07:56:55 IST">
  <testcase classname="Automation_ci_cd_pipeline.ci_cd_pipeline_coding.TestClass" name="test1" time="0.011"/>
  <testcase classname="Automation_ci_cd_pipeline.ci_cd_pipeline_coding.TestClass" name="test2" time="0.007"/>
  <testcase classname="Automation_ci_cd_pipeline.ci_cd_pipeline_coding.TestClass" name="test3" time="0.005"/>
</testsuite> <!-- Default test -->
