<?xml version="1.0" encoding="UTF-8"?>
<testng-results ignored="0" total="3" passed="3" failed="0" skipped="0">
  <reporter-output>
  </reporter-output>
  <suite started-at="2024-06-08T10:45:30 IST" name="Default suite" finished-at="2024-06-08T10:45:33 IST" duration-ms="2633">
    <groups>
    </groups>
    <test started-at="2024-06-08T10:45:30 IST" name="Default test" finished-at="2024-06-08T10:45:33 IST" duration-ms="2633">
      <class name="Automation_ci_cd_pipeline.ci_cd_pipeline_coding.TestClass">
        <test-method is-config="true" signature="launchDriver()[pri:0, instance:Automation_ci_cd_pipeline.ci_cd_pipeline_coding.TestClass@67c27493]" started-at="2024-06-08T10:45:30 IST" name="launchDriver" finished-at="2024-06-08T10:45:31 IST" duration-ms="1125" status="PASS">
          <reporter-output>
          </reporter-output>
        </test-method> <!-- launchDriver -->
        <test-method signature="test1()[pri:0, instance:Automation_ci_cd_pipeline.ci_cd_pipeline_coding.TestClass@67c27493]" started-at="2024-06-08T10:45:31 IST" name="test1" finished-at="2024-06-08T10:45:31 IST" duration-ms="8" status="PASS">
          <reporter-output>
          </reporter-output>
        </test-method> <!-- test1 -->
        <test-method is-config="true" signature="closeBrowserInstance()[pri:0, instance:Automation_ci_cd_pipeline.ci_cd_pipeline_coding.TestClass@67c27493]" started-at="2024-06-08T10:45:31 IST" name="closeBrowserInstance" finished-at="2024-06-08T10:45:31 IST" duration-ms="76" status="PASS">
          <reporter-output>
          </reporter-output>
        </test-method> <!-- closeBrowserInstance -->
        <test-method is-config="true" signature="launchDriver()[pri:0, instance:Automation_ci_cd_pipeline.ci_cd_pipeline_coding.TestClass@67c27493]" started-at="2024-06-08T10:45:31 IST" name="launchDriver" finished-at="2024-06-08T10:45:32 IST" duration-ms="620" status="PASS">
          <reporter-output>
          </reporter-output>
        </test-method> <!-- launchDriver -->
        <test-method signature="test2()[pri:0, instance:Automation_ci_cd_pipeline.ci_cd_pipeline_coding.TestClass@67c27493]" started-at="2024-06-08T10:45:32 IST" name="test2" finished-at="2024-06-08T10:45:32 IST" duration-ms="5" status="PASS">
          <reporter-output>
          </reporter-output>
        </test-method> <!-- test2 -->
        <test-method is-config="true" signature="closeBrowserInstance()[pri:0, instance:Automation_ci_cd_pipeline.ci_cd_pipeline_coding.TestClass@67c27493]" started-at="2024-06-08T10:45:32 IST" name="closeBrowserInstance" finished-at="2024-06-08T10:45:32 IST" duration-ms="68" status="PASS">
          <reporter-output>
          </reporter-output>
        </test-method> <!-- closeBrowserInstance -->
        <test-method is-config="true" signature="launchDriver()[pri:0, instance:Automation_ci_cd_pipeline.ci_cd_pipeline_coding.TestClass@67c27493]" started-at="2024-06-08T10:45:32 IST" name="launchDriver" finished-at="2024-06-08T10:45:33 IST" duration-ms="620" status="PASS">
          <reporter-output>
          </reporter-output>
        </test-method> <!-- launchDriver -->
        <test-method signature="test3()[pri:0, instance:Automation_ci_cd_pipeline.ci_cd_pipeline_coding.TestClass@67c27493]" started-at="2024-06-08T10:45:33 IST" name="test3" finished-at="2024-06-08T10:45:33 IST" duration-ms="6" status="PASS">
          <reporter-output>
          </reporter-output>
        </test-method> <!-- test3 -->
        <test-method is-config="true" signature="closeBrowserInstance()[pri:0, instance:Automation_ci_cd_pipeline.ci_cd_pipeline_coding.TestClass@67c27493]" started-at="2024-06-08T10:45:33 IST" name="closeBrowserInstance" finished-at="2024-06-08T10:45:33 IST" duration-ms="70" status="PASS">
          <reporter-output>
          </reporter-output>
        </test-method> <!-- closeBrowserInstance -->
      </class> <!-- Automation_ci_cd_pipeline.ci_cd_pipeline_coding.TestClass -->
    </test> <!-- Default test -->
  </suite> <!-- Default suite -->
</testng-results>
