<?xml version="1.0" encoding="UTF-8"?>
<testng-results ignored="0" total="3" passed="3" failed="0" skipped="0">
  <reporter-output>
  </reporter-output>
  <suite started-at="2024-06-07T07:57:40 IST" name="Suite" finished-at="2024-06-07T07:57:43 IST" duration-ms="2694">
    <groups>
    </groups>
    <test started-at="2024-06-07T07:57:40 IST" name="Test" finished-at="2024-06-07T07:57:43 IST" duration-ms="2694">
      <class name="Automation_ci_cd_pipeline.ci_cd_pipeline_coding.TestClass">
        <test-method is-config="true" signature="launchDriver()[pri:0, instance:Automation_ci_cd_pipeline.ci_cd_pipeline_coding.TestClass@595b007d]" started-at="2024-06-07T07:57:40 IST" name="launchDriver" finished-at="2024-06-07T07:57:42 IST" duration-ms="1069" status="PASS">
          <reporter-output>
          </reporter-output>
        </test-method> <!-- launchDriver -->
        <test-method signature="test1()[pri:0, instance:Automation_ci_cd_pipeline.ci_cd_pipeline_coding.TestClass@595b007d]" started-at="2024-06-07T07:57:42 IST" name="test1" finished-at="2024-06-07T07:57:42 IST" duration-ms="13" status="PASS">
          <reporter-output>
          </reporter-output>
        </test-method> <!-- test1 -->
        <test-method is-config="true" signature="closeBrowserInstance()[pri:0, instance:Automation_ci_cd_pipeline.ci_cd_pipeline_coding.TestClass@595b007d]" started-at="2024-06-07T07:57:42 IST" name="closeBrowserInstance" finished-at="2024-06-07T07:57:42 IST" duration-ms="71" status="PASS">
          <reporter-output>
          </reporter-output>
        </test-method> <!-- closeBrowserInstance -->
        <test-method is-config="true" signature="launchDriver()[pri:0, instance:Automation_ci_cd_pipeline.ci_cd_pipeline_coding.TestClass@595b007d]" started-at="2024-06-07T07:57:42 IST" name="launchDriver" finished-at="2024-06-07T07:57:42 IST" duration-ms="692" status="PASS">
          <reporter-output>
          </reporter-output>
        </test-method> <!-- launchDriver -->
        <test-method signature="test2()[pri:0, instance:Automation_ci_cd_pipeline.ci_cd_pipeline_coding.TestClass@595b007d]" started-at="2024-06-07T07:57:42 IST" name="test2" finished-at="2024-06-07T07:57:42 IST" duration-ms="7" status="PASS">
          <reporter-output>
          </reporter-output>
        </test-method> <!-- test2 -->
        <test-method is-config="true" signature="closeBrowserInstance()[pri:0, instance:Automation_ci_cd_pipeline.ci_cd_pipeline_coding.TestClass@595b007d]" started-at="2024-06-07T07:57:42 IST" name="closeBrowserInstance" finished-at="2024-06-07T07:57:42 IST" duration-ms="68" status="PASS">
          <reporter-output>
          </reporter-output>
        </test-method> <!-- closeBrowserInstance -->
        <test-method is-config="true" signature="launchDriver()[pri:0, instance:Automation_ci_cd_pipeline.ci_cd_pipeline_coding.TestClass@595b007d]" started-at="2024-06-07T07:57:42 IST" name="launchDriver" finished-at="2024-06-07T07:57:43 IST" duration-ms="665" status="PASS">
          <reporter-output>
          </reporter-output>
        </test-method> <!-- launchDriver -->
        <test-method signature="test3()[pri:0, instance:Automation_ci_cd_pipeline.ci_cd_pipeline_coding.TestClass@595b007d]" started-at="2024-06-07T07:57:43 IST" name="test3" finished-at="2024-06-07T07:57:43 IST" duration-ms="7" status="PASS">
          <reporter-output>
          </reporter-output>
        </test-method> <!-- test3 -->
        <test-method is-config="true" signature="closeBrowserInstance()[pri:0, instance:Automation_ci_cd_pipeline.ci_cd_pipeline_coding.TestClass@595b007d]" started-at="2024-06-07T07:57:43 IST" name="closeBrowserInstance" finished-at="2024-06-07T07:57:43 IST" duration-ms="68" status="PASS">
          <reporter-output>
          </reporter-output>
        </test-method> <!-- closeBrowserInstance -->
      </class> <!-- Automation_ci_cd_pipeline.ci_cd_pipeline_coding.TestClass -->
    </test> <!-- Test -->
  </suite> <!-- Suite -->
</testng-results>
